<?xml version="1.0" encoding="UTF-8"?>
<!-- Generated by org.testng.reporters.JUnitReportReporter -->
<testsuite hostname="DESKTOP-C1ML1I2" failures="0" tests="10" name="testing_extra.DemoForInvocationTest" time="101.317" errors="0" timestamp="2025-10-10T23:57:54 IST" skipped="0">
  <testcase classname="testing_extra.DemoForInvocationTest" name="case4" time="6.269"/>
  <testcase classname="testing_extra.DemoForInvocationTest" name="case4" time="19.444"/>
  <testcase classname="testing_extra.DemoForInvocationTest" name="case4" time="19.078"/>
  <testcase classname="testing_extra.DemoForInvocationTest" name="case4" time="5.210"/>
  <testcase classname="testing_extra.DemoForInvocationTest" name="case4" time="6.871"/>
  <testcase classname="testing_extra.DemoForInvocationTest" name="case4" time="4.640"/>
  <testcase classname="testing_extra.DemoForInvocationTest" name="case4" time="7.318"/>
  <testcase classname="testing_extra.DemoForInvocationTest" name="case4" time="6.715"/>
  <testcase classname="testing_extra.DemoForInvocationTest" name="case4" time="6.820"/>
  <testcase classname="testing_extra.DemoForInvocationTest" name="case4" time="18.952"/>
</testsuite> <!-- testing_extra.DemoForInvocationTest -->
