<?xml version="1.0" encoding="UTF-8"?>
<!-- Generated by org.testng.reporters.JUnitReportReporter -->
<testsuite hostname="DESKTOP-C1ML1I2" failures="0" tests="1" name="config_anno_extra.ContactTest" time="0.013" errors="0" timestamp="2025-10-14T23:31:09 IST" skipped="0">
  <testcase classname="config_anno_extra.ContactTest" name="CreateContactTest" time="0.013"/>
</testsuite> <!-- config_anno_extra.ContactTest -->
