<?xml version="1.0" encoding="UTF-8"?>
<!-- Generated by org.testng.reporters.JUnitReportReporter -->
<testsuite hostname="DESKTOP-C1ML1I2" failures="0" tests="1" name="type_of_execution.Demo4" time="13.106" errors="0" timestamp="2025-10-14T14:21:01 IST" skipped="0">
  <testcase classname="type_of_execution.Demo4" name="case4" time="13.106"/>
</testsuite> <!-- type_of_execution.Demo4 -->
