<?xml version="1.0" encoding="UTF-8"?>
<!-- Generated by org.testng.reporters.JUnitReportReporter -->
<testsuite hostname="DESKTOP-C1ML1I2" failures="0" tests="2" name="type_of_execution.Demo7" time="6.903" errors="0" timestamp="2025-10-15T00:50:05 IST" skipped="0">
  <testcase classname="type_of_execution.Demo7" name="case72" time="3.077"/>
  <testcase classname="type_of_execution.Demo7" name="case71" time="3.826"/>
</testsuite> <!-- type_of_execution.Demo7 -->
