<?xml version="1.0" encoding="UTF-8"?>
<!-- Generated by org.testng.reporters.JUnitReportReporter -->
<testsuite hostname="DESKTOP-C1ML1I2" failures="0" tests="3" name="testing_extra.DemoTest2" time="0.022" errors="0" timestamp="2025-10-09T23:15:43 IST" skipped="0">
  <testcase classname="testing_extra.DemoTest2" name="create" time="0.015"/>
  <testcase classname="testing_extra.DemoTest2" name="modify" time="0.003">
    <system-out>
      <![CDATA[case2 :boy]]>
    </system-out>
  </testcase> <!-- modify -->
  <testcase classname="testing_extra.DemoTest2" name="delete" time="0.004"/>
  <system-out>
    <![CDATA[case2 :boy]]>
  </system-out>
</testsuite> <!-- testing_extra.DemoTest2 -->
