<?xml version="1.0" encoding="UTF-8"?>
<!-- Generated by org.testng.reporters.JUnitReportReporter -->
<testsuite hostname="DESKTOP-C1ML1I2" failures="0" tests="1" name="type_of_execution.Demo3" time="13.367" errors="0" timestamp="2025-10-14T14:21:01 IST" skipped="0">
  <testcase classname="type_of_execution.Demo3" name="case4" time="13.367"/>
</testsuite> <!-- type_of_execution.Demo3 -->
