<?xml version="1.0" encoding="UTF-8"?>
<!-- Generated by org.testng.reporters.JUnitReportReporter -->
<testsuite hostname="DESKTOP-C1ML1I2" failures="0" tests="3" name="testing_extra.DemoTest" time="0.030" errors="0" timestamp="2025-10-09T22:22:57 IST" skipped="0">
  <testcase classname="testing_extra.DemoTest" name="case1" time="0.021"/>
  <testcase classname="testing_extra.DemoTest" name="case2" time="0.004">
    <system-out>
      <![CDATA[case2 : plz go anywheree....!!!]]>
    </system-out>
  </testcase> <!-- case2 -->
  <testcase classname="testing_extra.DemoTest" name="case3" time="0.005"/>
  <system-out>
    <![CDATA[case2 : plz go anywheree....!!!]]>
  </system-out>
</testsuite> <!-- testing_extra.DemoTest -->
