<?xml version="1.0" encoding="UTF-8"?>
<!-- Generated by org.testng.reporters.JUnitReportReporter -->
<testsuite hostname="DESKTOP-C1ML1I2" failures="0" tests="5" name="dp_extra.ArrayCheck" time="0.021" errors="0" timestamp="2025-10-11T22:11:41 IST" skipped="0">
  <testcase classname="dp_extra.ArrayCheck" name="login" time="0.004"/>
  <testcase classname="dp_extra.ArrayCheck" name="login" time="0.003"/>
  <testcase classname="dp_extra.ArrayCheck" name="login" time="0.002"/>
  <testcase classname="dp_extra.ArrayCheck" name="login" time="0.010"/>
  <testcase classname="dp_extra.ArrayCheck" name="login" time="0.002"/>
</testsuite> <!-- dp_extra.ArrayCheck -->
