<?xml version="1.0" encoding="UTF-8"?>
<!-- Generated by org.testng.reporters.JUnitReportReporter -->
<testsuite hostname="DESKTOP-C1ML1I2" failures="0" tests="1" name="type_of_execution.Demo2" time="6.562" errors="0" timestamp="2025-10-11T23:42:05 IST" skipped="0">
  <testcase classname="type_of_execution.Demo2" name="case2" time="6.562"/>
</testsuite> <!-- type_of_execution.Demo2 -->
