<?xml version="1.0" encoding="UTF-8"?>
<!-- Generated by org.testng.reporters.JUnitReportReporter -->
<testsuite hostname="DESKTOP-C1ML1I2" failures="0" tests="2" name="type_of_execution.Demo6" time="5.571" errors="0" timestamp="2025-10-15T00:50:05 IST" skipped="0">
  <testcase classname="type_of_execution.Demo6" name="case62" time="2.906"/>
  <testcase classname="type_of_execution.Demo6" name="case61" time="2.665"/>
</testsuite> <!-- type_of_execution.Demo6 -->
